Importing module 'gym_38' (/home/rtx4090/hnu/changyuandao/thirdParty/isaacgym/python/isaacgym/_bindings/linux-x86_64/gym_38.so)
Setting GYM_USD_PLUG_INFO_PATH to /home/rtx4090/hnu/changyuandao/thirdParty/isaacgym/python/isaacgym/_bindings/linux-x86_64/usd/plugInfo.json
PyTorch version 2.4.1+cu121
Device count 1
/home/rtx4090/hnu/changyuandao/thirdParty/isaacgym/python/isaacgym/_bindings/src/gymtorch
Using /home/rtx4090/.cache/torch_extensions/py38_cu121 as PyTorch extensions root...
Emitting ninja build file /home/rtx4090/.cache/torch_extensions/py38_cu121/gymtorch/build.ninja...
Building extension module gymtorch...
Allowing ninja to set a default number of workers... (overridable by setting the environment variable MAX_JOBS=N)
ninja: no work to do.
Loading extension module gymtorch...
Gym has been unmaintained since 2022 and does not support NumPy 2.0 amongst other critical functionality.
Please upgrade to Gymnasium, the maintained drop-in replacement of Gym, or contact the authors of your software and request that they upgrade.
See the migration guide at https://gymnasium.farama.org/introduction/migration_guide/ for additional information.
2025-10-27 10:57:17,382 - INFO - logger - logger initialized
<unknown>:3: DeprecationWarning: invalid escape sequence \*
Error: FBX library failed to load - importing FBX data will not succeed. Message: No module named 'fbx'
FBX tools must be installed from https://help.autodesk.com/view/FBX/2020/ENU/?guid=FBX_Developer_Help_scripting_with_python_fbx_installing_python_fbx_html
/home/rtx4090/hnu/anaconda3/envs/cyd_rlgpu/lib/python3.8/site-packages/networkx/classes/graph.py:23: DeprecationWarning: Using or importing the ABCs from 'collections' instead of from 'collections.abc' is deprecated since Python 3.3, and in 3.10 it will stop working
  from collections import Mapping
/home/rtx4090/hnu/anaconda3/envs/cyd_rlgpu/lib/python3.8/site-packages/networkx/classes/reportviews.py:95: DeprecationWarning: Using or importing the ABCs from 'collections' instead of from 'collections.abc' is deprecated since Python 3.3, and in 3.10 it will stop working
  from collections import Mapping, Set, Iterable
/home/rtx4090/hnu/anaconda3/envs/cyd_rlgpu/lib/python3.8/site-packages/networkx/readwrite/graphml.py:346: DeprecationWarning: `np.int` is a deprecated alias for the builtin `int`. To silence this warning, use `int` by itself. Doing this will not modify any behavior and is safe. When replacing `np.int`, you may wish to use e.g. `np.int64` or `np.int32` to specify the precision. If you wish to review your current use, check the release note link for additional information.
Deprecated in NumPy 1.20; for more details and guidance: https://numpy.org/devdocs/release/1.20.0-notes.html#deprecations
  (np.int, "int"), (np.int8, "int"),
/home/rtx4090/hnu/anaconda3/envs/cyd_rlgpu/lib/python3.8/site-packages/networkx/drawing/nx_pydot.py:27: DeprecationWarning: pkg_resources is deprecated as an API. See https://setuptools.pypa.io/en/latest/pkg_resources.html
  from pkg_resources import parse_version
/home/rtx4090/hnu/anaconda3/envs/cyd_rlgpu/lib/python3.8/site-packages/pkg_resources/__init__.py:3154: DeprecationWarning: Deprecated call to `pkg_resources.declare_namespace('mpl_toolkits')`.
Implementing implicit namespace packages (as specified in PEP 420) is preferred to `pkg_resources.declare_namespace`. See https://setuptools.pypa.io/en/latest/references/keywords.html#keyword-namespace-packages
  declare_namespace(pkg)
/home/rtx4090/hnu/anaconda3/envs/cyd_rlgpu/lib/python3.8/site-packages/pkg_resources/__init__.py:3154: DeprecationWarning: Deprecated call to `pkg_resources.declare_namespace('google')`.
Implementing implicit namespace packages (as specified in PEP 420) is preferred to `pkg_resources.declare_namespace`. See https://setuptools.pypa.io/en/latest/references/keywords.html#keyword-namespace-packages
  declare_namespace(pkg)
/home/rtx4090/hnu/changyuandao/idea/IsaacGymEnvs/isaacgymenvs/train.py:75: UserWarning: 
The version_base parameter is not specified.
Please specify a compatability version level, or None.
Will assume defaults for version 1.1
  @hydra.main(config_name="config", config_path="./cfg")
/home/rtx4090/hnu/anaconda3/envs/cyd_rlgpu/lib/python3.8/site-packages/hydra/_internal/defaults_list.py:415: UserWarning: In config: Invalid overriding of hydra/job_logging:
Default list overrides requires 'override' keyword.
See https://hydra.cc/docs/1.2/upgrades/1.0_to_1.1/defaults_list_override for more information.

  deprecation_warning(msg)
/home/rtx4090/hnu/anaconda3/envs/cyd_rlgpu/lib/python3.8/site-packages/hydra/_internal/hydra.py:119: UserWarning: Future Hydra versions will no longer change working directory at job runtime by default.
See https://hydra.cc/docs/1.2/upgrades/1.1_to_1.2/changes_to_job_working_dir/ for more information.
  ret = run_job(
Setting seed: 42
Network Directory: /home/rtx4090/hnu/changyuandao/idea/method/outputs/test/2025-10-27_10-57-01/policy-2025-10-27_10-57-18/runs/ShadowHandGPT-2025-10-27_10-57-18/nn
Tensorboard Directory: /home/rtx4090/hnu/changyuandao/idea/method/outputs/test/2025-10-27_10-57-01/policy-2025-10-27_10-57-18/runs/ShadowHandGPT-2025-10-27_10-57-18/summaries
self.seed = 42
Started to train
Exact experiment name requested from command line: ShadowHandGPT-2025-10-27_10-57-18
Error executing job with overrides: ['task=ShadowHandGPT', 'wandb_activate=False', 'wandb_entity=', 'wandb_project=', 'headless=True', 'capture_video=False', 'force_render=False', 'max_iterations=30']
Traceback (most recent call last):
  File "/home/rtx4090/hnu/changyuandao/idea/IsaacGymEnvs/isaacgymenvs/utils/rlgames_utils.py", line 125, in create_rlgpu_env
    module = importlib.import_module(module_name)
  File "/home/rtx4090/hnu/anaconda3/envs/cyd_rlgpu/lib/python3.8/importlib/__init__.py", line 127, in import_module
    return _bootstrap._gcd_import(name[level:], package, level)
  File "<frozen importlib._bootstrap>", line 1014, in _gcd_import
  File "<frozen importlib._bootstrap>", line 991, in _find_and_load
  File "<frozen importlib._bootstrap>", line 975, in _find_and_load_unlocked
  File "<frozen importlib._bootstrap>", line 671, in _load_unlocked
  File "<frozen importlib._bootstrap_external>", line 843, in exec_module
  File "<frozen importlib._bootstrap>", line 219, in _call_with_frames_removed
  File "/home/rtx4090/hnu/changyuandao/idea/IsaacGymEnvs/isaacgymenvs/tasks/shadow_handgpt.py", line 766, in <module>
    def compute_reward(object_rot: torch.Tensor, goal_rot: torch.Tensor) -> Tuple[torch.Tensor, Dict[str, torch.Tensor]]:
  File "/home/rtx4090/hnu/anaconda3/envs/cyd_rlgpu/lib/python3.8/site-packages/torch/jit/_script.py", line 1432, in script
    return _script_impl(
  File "/home/rtx4090/hnu/anaconda3/envs/cyd_rlgpu/lib/python3.8/site-packages/torch/jit/_script.py", line 1204, in _script_impl
    fn = torch._C._jit_script_compile(
RuntimeError: 

normalize(Tensor input, float p=2., int dim=1, float eps=9.9999999999999998e-13, Tensor? out=None) -> Tensor:
Expected a value of type 'float' for argument 'p' but instead found type 'int'.
:
  File "/home/rtx4090/hnu/changyuandao/idea/IsaacGymEnvs/isaacgymenvs/tasks/shadow_handgpt.py", line 772
    
    # Normalize quaternions to ensure they're unit quaternions
    object_rot_norm = torch.nn.functional.normalize(object_rot, p=2, dim=-1)
                      ~~~~~~~~~~~~~~~~~~~~~~~~~~~~~ <--- HERE
    goal_rot_norm = torch.nn.functional.normalize(goal_rot, p=2, dim=-1)
    


During handling of the above exception, another exception occurred:

Traceback (most recent call last):
  File "/home/rtx4090/hnu/changyuandao/idea/IsaacGymEnvs/isaacgymenvs/train.py", line 203, in launch_rlg_hydra
    statistics = runner.run({
  File "/home/rtx4090/hnu/changyuandao/idea/rl_games/rl_games/torch_runner.py", line 201, in run
    self.run_train(args)
  File "/home/rtx4090/hnu/changyuandao/idea/rl_games/rl_games/torch_runner.py", line 154, in run_train
    agent = self.algo_factory.create(self.algo_name, base_name='run', params=self.params)
  File "/home/rtx4090/hnu/changyuandao/idea/rl_games/rl_games/common/object_factory.py", line 40, in create
    return builder(**kwargs)
  File "/home/rtx4090/hnu/changyuandao/idea/rl_games/rl_games/torch_runner.py", line 63, in <lambda>
    self.algo_factory.register_builder('a2c_continuous', lambda **kwargs : a2c_continuous.A2CAgent(**kwargs))
  File "/home/rtx4090/hnu/changyuandao/idea/rl_games/rl_games/algos_torch/a2c_continuous.py", line 27, in __init__
    a2c_common.ContinuousA2CBase.__init__(self, base_name, params)
  File "/home/rtx4090/hnu/changyuandao/idea/rl_games/rl_games/common/a2c_common.py", line 1187, in __init__
    A2CBase.__init__(self, base_name, params)
  File "/home/rtx4090/hnu/changyuandao/idea/rl_games/rl_games/common/a2c_common.py", line 132, in __init__
    self.vec_env = vecenv.create_vec_env(self.env_name, self.num_actors, **self.env_config)
  File "/home/rtx4090/hnu/changyuandao/idea/rl_games/rl_games/common/vecenv.py", line 275, in create_vec_env
    return vecenv_config[vec_env_name](config_name, num_actors, **kwargs)
  File "/home/rtx4090/hnu/changyuandao/idea/IsaacGymEnvs/isaacgymenvs/train.py", line 161, in <lambda>
    vecenv.register('RLGPU', lambda config_name, num_actors, **kwargs: RLGPUEnv(config_name, num_actors, **kwargs))
  File "/home/rtx4090/hnu/changyuandao/idea/IsaacGymEnvs/isaacgymenvs/utils/rlgames_utils.py", line 262, in __init__
    self.env = env_configurations.configurations[config_name]['env_creator'](**kwargs)
  File "/home/rtx4090/hnu/changyuandao/idea/IsaacGymEnvs/isaacgymenvs/train.py", line 145, in <lambda>
    'env_creator': lambda **kwargs: create_isaacgym_env(**kwargs),
  File "/home/rtx4090/hnu/changyuandao/idea/IsaacGymEnvs/isaacgymenvs/train.py", line 111, in create_isaacgym_env
    envs = isaacgymenvs.make(
  File "/home/rtx4090/hnu/changyuandao/idea/IsaacGymEnvs/isaacgymenvs/__init__.py", line 55, in make
    return create_rlgpu_env()
  File "/home/rtx4090/hnu/changyuandao/idea/IsaacGymEnvs/isaacgymenvs/utils/rlgames_utils.py", line 128, in create_rlgpu_env
    task_caller = isaacgym_task_map[task_name]
KeyError: 'ShadowHandGPT'

Set the environment variable HYDRA_FULL_ERROR=1 for a complete stack trace.
